<?xml version="1.0" encoding="UTF-8"?>
<!-- Generated by org.testng.reporters.JUnitReportReporter -->
<testsuite skipped="0" hostname="DESKTOP-O200UEA" name="com.anoop.selenium.ExcelTest" tests="2" failures="0" timestamp="05 Aug 2018 07:34:00 GMT" time="0.907" errors="0">
  <testcase name="testExcelReadOperation" time="0.907" classname="com.anoop.selenium.ExcelTest"/>
  <testcase name="testExcelWriteOperation" time="0.000" classname="com.anoop.selenium.ExcelTest"/>
</testsuite> <!-- com.anoop.selenium.ExcelTest -->
